<?xml version="1.0" encoding="UTF-8"?>
<!-- Generated by org.testng.reporters.JUnitReportReporter -->
<testsuite hostname="DESKTOP-KU5I7E6" failures="0" tests="1" name="Listuser" time="4.409" errors="0" timestamp="2023-07-13T23:14:17 IST" skipped="0">
  <testcase classname="Listuser" name="list" time="4.409"/>
  <system-out/>
</testsuite> <!-- Listuser -->
