<?xml version="1.0" encoding="UTF-8"?>
<!-- Generated by org.testng.reporters.JUnitReportReporter -->
<testsuite hostname="DESKTOP-KU5I7E6" failures="0" tests="1" name="Delete" time="3.687" errors="0" timestamp="2023-07-13T23:48:19 IST" skipped="0">
  <testcase classname="Delete" name="Deleteuser" time="3.687"/>
  <system-out/>
</testsuite> <!-- Delete -->
