<?xml version="1.0" encoding="UTF-8"?>
<!-- Generated by org.testng.reporters.JUnitReportReporter -->
<testsuite hostname="DESKTOP-KU5I7E6" failures="0" tests="1" name="TC001GET" time="3.607" errors="0" timestamp="2023-01-11T13:07:58 IST" skipped="0">
  <testcase classname="TC001GET" name="Auth" time="3.607"/>
  <system-out/>
</testsuite> <!-- TC001GET -->
