<?xml version="1.0" encoding="UTF-8"?>
<!-- Generated by org.testng.reporters.JUnitReportReporter -->
<testsuite hostname="DESKTOP-KU5I7E6" failures="0" tests="1" name="CreateUser" time="4.843" errors="0" timestamp="2023-07-13T23:39:06 IST" skipped="0">
  <testcase classname="CreateUser" name="create" time="4.843"/>
  <system-out/>
</testsuite> <!-- CreateUser -->
