<?xml version="1.0" encoding="UTF-8"?>
<!-- Generated by org.testng.reporters.JUnitReportReporter -->
<testsuite hostname="DESKTOP-KU5I7E6" failures="0" tests="1" name="dashboardlist" time="11.410" errors="0" timestamp="2023-07-13T23:59:32 IST" skipped="0">
  <testcase classname="dashboardlist" name="daslist" time="11.410"/>
  <system-out/>
</testsuite> <!-- dashboardlist -->
