<?xml version="1.0" encoding="UTF-8"?>
<!-- Generated by org.testng.reporters.JUnitReportReporter -->
<testsuite hostname="DESKTOP-KU5I7E6" failures="0" tests="1" name="DeviceDetail" time="10.764" errors="0" timestamp="2023-01-17T16:33:19 IST" skipped="0">
  <testcase classname="DeviceDetail" name="TC002" time="10.764"/>
  <system-out/>
</testsuite> <!-- DeviceDetail -->
